<?xml version="1.0" encoding="UTF-8"?>
<!-- Generated by org.testng.reporters.JUnitReportReporter -->
<testsuite hostname="LAPTOP-1195JHCC" failures="0" tests="1" name="mvnAndJenkinSession25.mvnAndJenkin.ThreeTest" time="0.002" errors="0" timestamp="2024-07-04T04:31:27 IST" skipped="0">
  <testcase classname="mvnAndJenkinSession25.mvnAndJenkin.ThreeTest" name="ThreeTest1" time="0.002"/>
</testsuite> <!-- mvnAndJenkinSession25.mvnAndJenkin.ThreeTest -->
