<?xml version="1.0" encoding="UTF-8"?>
<!-- Generated by org.testng.reporters.JUnitReportReporter -->
<testsuite hostname="LAPTOP-1195JHCC" failures="0" tests="2" name="TDDFramework.TestCase1" time="12.907" errors="0" timestamp="2024-07-24T15:20:16 IST" skipped="0">
  <testcase classname="TDDFramework.TestCase1" name="LoginValidate" time="8.467"/>
  <testcase classname="TDDFramework.TestCase1" name="test" time="4.440"/>
</testsuite> <!-- TDDFramework.TestCase1 -->
