<?xml version="1.0" encoding="UTF-8"?>
<!-- Generated by org.testng.reporters.JUnitReportReporter -->
<testsuite hostname="LAPTOP-1195JHCC" failures="0" tests="3" name="mvnAndJenkinSession25.mvnAndJenkin.Mod2Ass3" time="22.755" errors="0" timestamp="2024-07-23T11:23:01 IST" skipped="0">
  <testcase classname="mvnAndJenkinSession25.mvnAndJenkin.Mod2Ass3" name="Test2" time="9.049"/>
  <testcase classname="mvnAndJenkinSession25.mvnAndJenkin.Mod2Ass3" name="Test2" time="6.750"/>
  <testcase classname="mvnAndJenkinSession25.mvnAndJenkin.Mod2Ass3" name="Test2" time="6.956"/>
</testsuite> <!-- mvnAndJenkinSession25.mvnAndJenkin.Mod2Ass3 -->
