<?xml version="1.0" encoding="UTF-8"?>
<!-- Generated by org.testng.reporters.JUnitReportReporter -->
<testsuite hostname="LAPTOP-1195JHCC" failures="0" tests="1" name="mvnAndJenkinSession25.mvnAndJenkin.SampleTest" time="13.715" errors="0" timestamp="2024-07-08T08:36:01 IST" skipped="0">
  <testcase classname="mvnAndJenkinSession25.mvnAndJenkin.SampleTest" name="testOne" time="13.715"/>
</testsuite> <!-- mvnAndJenkinSession25.mvnAndJenkin.SampleTest -->
