<?xml version="1.0" encoding="UTF-8"?>
<!-- Generated by org.testng.reporters.JUnitReportReporter -->
<testsuite hostname="LAPTOP-1195JHCC" failures="0" tests="1" name="mvnAndJenkinSession25.mvnAndJenkin.OneTest" time="0.001" errors="0" timestamp="2024-07-04T04:36:11 IST" skipped="0">
  <testcase classname="mvnAndJenkinSession25.mvnAndJenkin.OneTest" name="OneTest1" time="0.001"/>
</testsuite> <!-- mvnAndJenkinSession25.mvnAndJenkin.OneTest -->
